{"/Users/MVW/devstation/401/lab-17/app.js": {"path":"/Users/MVW/devstation/401/lab-17/app.js","statementMap":{"0":{"start":{"line":8,"column":12},"end":{"line":8,"column":26}},"1":{"start":{"line":10,"column":15},"end":{"line":10,"column":31}},"2":{"start":{"line":12,"column":11},"end":{"line":12,"column":24}},"3":{"start":{"line":14,"column":0},"end":{"line":14,"column":82}},"4":{"start":{"line":14,"column":40},"end":{"line":14,"column":80}},"5":{"start":{"line":33,"column":18},"end":{"line":41,"column":1}},"6":{"start":{"line":34,"column":2},"end":{"line":40,"column":7}},"7":{"start":{"line":36,"column":6},"end":{"line":36,"column":41}},"8":{"start":{"line":39,"column":6},"end":{"line":39,"column":42}},"9":{"start":{"line":50,"column":2},"end":{"line":50,"column":28}},"10":{"start":{"line":63,"column":2},"end":{"line":72,"column":5}},"11":{"start":{"line":64,"column":4},"end":{"line":71,"column":7}},"12":{"start":{"line":65,"column":6},"end":{"line":68,"column":7}},"13":{"start":{"line":66,"column":8},"end":{"line":66,"column":20}},"14":{"start":{"line":70,"column":6},"end":{"line":70,"column":31}},"15":{"start":{"line":83,"column":2},"end":{"line":92,"column":5}},"16":{"start":{"line":84,"column":4},"end":{"line":91,"column":7}},"17":{"start":{"line":85,"column":6},"end":{"line":88,"column":7}},"18":{"start":{"line":86,"column":8},"end":{"line":86,"column":20}},"19":{"start":{"line":89,"column":6},"end":{"line":89,"column":56}},"20":{"start":{"line":99,"column":11},"end":{"line":99,"column":40}},"21":{"start":{"line":100,"column":0},"end":{"line":100,"column":16}},"22":{"start":{"line":103,"column":0},"end":{"line":103,"column":52}}},"fnMap":{"0":{"name":"(anonymous_0)","decl":{"start":{"line":14,"column":34},"end":{"line":14,"column":35}},"loc":{"start":{"line":14,"column":40},"end":{"line":14,"column":80}},"line":14},"1":{"name":"(anonymous_1)","decl":{"start":{"line":33,"column":18},"end":{"line":33,"column":19}},"loc":{"start":{"line":33,"column":28},"end":{"line":41,"column":1}},"line":33},"2":{"name":"(anonymous_2)","decl":{"start":{"line":35,"column":10},"end":{"line":35,"column":11}},"loc":{"start":{"line":35,"column":18},"end":{"line":37,"column":5}},"line":35},"3":{"name":"(anonymous_3)","decl":{"start":{"line":38,"column":11},"end":{"line":38,"column":12}},"loc":{"start":{"line":38,"column":18},"end":{"line":40,"column":5}},"line":38},"4":{"name":"convertCase","decl":{"start":{"line":49,"column":9},"end":{"line":49,"column":20}},"loc":{"start":{"line":49,"column":26},"end":{"line":51,"column":1}},"line":49},"5":{"name":"readFile","decl":{"start":{"line":62,"column":9},"end":{"line":62,"column":17}},"loc":{"start":{"line":62,"column":24},"end":{"line":73,"column":1}},"line":62},"6":{"name":"(anonymous_6)","decl":{"start":{"line":63,"column":21},"end":{"line":63,"column":22}},"loc":{"start":{"line":63,"column":42},"end":{"line":72,"column":3}},"line":63},"7":{"name":"(anonymous_7)","decl":{"start":{"line":64,"column":22},"end":{"line":64,"column":23}},"loc":{"start":{"line":64,"column":37},"end":{"line":71,"column":5}},"line":64},"8":{"name":"writeFile","decl":{"start":{"line":82,"column":9},"end":{"line":82,"column":18}},"loc":{"start":{"line":82,"column":31},"end":{"line":93,"column":1}},"line":82},"9":{"name":"(anonymous_9)","decl":{"start":{"line":83,"column":21},"end":{"line":83,"column":22}},"loc":{"start":{"line":83,"column":42},"end":{"line":92,"column":3}},"line":83},"10":{"name":"(anonymous_10)","decl":{"start":{"line":84,"column":42},"end":{"line":84,"column":43}},"loc":{"start":{"line":84,"column":57},"end":{"line":91,"column":5}},"line":84}},"branchMap":{"0":{"loc":{"start":{"line":65,"column":6},"end":{"line":68,"column":7}},"type":"if","locations":[{"start":{"line":65,"column":6},"end":{"line":68,"column":7}},{"start":{"line":65,"column":6},"end":{"line":68,"column":7}}],"line":65},"1":{"loc":{"start":{"line":85,"column":6},"end":{"line":88,"column":7}},"type":"if","locations":[{"start":{"line":85,"column":6},"end":{"line":88,"column":7}},{"start":{"line":85,"column":6},"end":{"line":88,"column":7}}],"line":85}},"s":{"0":1,"1":1,"2":1,"3":1,"4":0,"5":1,"6":1,"7":0,"8":0,"9":1,"10":1,"11":1,"12":0,"13":0,"14":0,"15":0,"16":0,"17":0,"18":0,"19":0,"20":1,"21":1,"22":1},"f":{"0":0,"1":1,"2":0,"3":0,"4":1,"5":1,"6":1,"7":0,"8":0,"9":0,"10":0},"b":{"0":[0,0],"1":[0,0]},"_coverageSchema":"43e27e138ebf9cfc5966b082cf9a028302ed4184","hash":"7902eed9d7598f8c5f0a5cc72519280fc471a62f"}
}
