TN:
SF:/Users/MVW/devstation/401/lab-17/app.js
FN:14,(anonymous_0)
FN:33,(anonymous_1)
FN:35,(anonymous_2)
FN:38,(anonymous_3)
FN:49,convertCase
FN:62,readFile
FN:63,(anonymous_6)
FN:64,(anonymous_7)
FN:82,writeFile
FN:83,(anonymous_9)
FN:84,(anonymous_10)
FNF:11
FNH:5
FNDA:0,(anonymous_0)
FNDA:1,(anonymous_1)
FNDA:0,(anonymous_2)
FNDA:1,(anonymous_3)
FNDA:1,convertCase
FNDA:1,readFile
FNDA:1,(anonymous_6)
FNDA:0,(anonymous_7)
FNDA:0,writeFile
FNDA:0,(anonymous_9)
FNDA:0,(anonymous_10)
DA:8,1
DA:10,1
DA:12,1
DA:14,1
DA:33,1
DA:34,1
DA:36,0
DA:39,1
DA:50,1
DA:63,1
DA:64,1
DA:65,0
DA:66,0
DA:70,0
DA:83,0
DA:84,0
DA:85,0
DA:86,0
DA:89,0
DA:99,1
DA:100,1
DA:103,1
LF:22
LH:13
BRDA:65,0,0,0
BRDA:65,0,1,0
BRDA:85,1,0,0
BRDA:85,1,1,0
BRF:4
BRH:0
end_of_record
